<?xml version="1.0" encoding="UTF-8"?>
<testsuite xmlns:xsi="http://www.w3.org/2001/XMLSchema-instance" xsi:noNamespaceSchemaLocation="https://maven.apache.org/surefire/maven-surefire-plugin/xsd/surefire-test-report-3.0.xsd" version="3.0" name="com.example.java_student_grade_app.student.GradeCalculatorTest" time="0.107" tests="3" errors="0" skipped="0" failures="0">
  <properties>
[...]
</properties>
  <testcase name="testGrade" classname="com.example.java_student_grade_app.student.GradeCalculatorTest" time="0.051"/>
  <testcase name="testTotal" classname="com.example.java_student_grade_app.student.GradeCalculatorTest" time="0.003"/>
  <testcase name="testPass" classname="com.example.java_student_grade_app.student.GradeCalculatorTest" time="0.003"/>
</testsuite>